# JRE version: OpenJDK Runtime Environment (11.0+28) (build 11+28)
# Java VM: OpenJDK 64-Bit Server VM (11+28, mixed mode, tiered, compressed oops, g1 gc, windows-amd64)
Heap:
 garbage-first heap   total 157696K, used 77254K [0x0000000080800000, 0x0000000100000000)
  region size 1024K, 55 young (56320K), 9 survivors (9216K)
 Metaspace       used 22677K, capacity 23095K, committed 23472K, reserved 1071104K
  class space    used 2292K, capacity 2439K, committed 2560K, reserved 1048576K
GC Heap History (10 events):
Event: 3.514 GC heap before
{Heap before GC invocations=2 (full 0):
 garbage-first heap   total 131072K, used 24931K [0x0000000080800000, 0x0000000100000000)
  region size 1024K, 22 young (22528K), 1 survivors (1024K)
 Metaspace       used 14564K, capacity 14898K, committed 14976K, reserved 1062912K
  class space    used 1493K, capacity 1622K, committed 1664K, reserved 1048576K
}
Event: 3.519 GC heap after
{Heap after GC invocations=3 (full 0):
 garbage-first heap   total 131072K, used 4096K [0x0000000080800000, 0x0000000100000000)
  region size 1024K, 1 young (1024K), 1 survivors (1024K)
 Metaspace       used 14564K, capacity 14898K, committed 14976K, reserved 1062912K
  class space    used 1493K, capacity 1622K, committed 1664K, reserved 1048576K
}
Event: 6.322 GC heap before
{Heap before GC invocations=3 (full 0):
 garbage-first heap   total 131072K, used 47104K [0x0000000080800000, 0x0000000100000000)
  region size 1024K, 44 young (45056K), 1 survivors (1024K)
 Metaspace       used 20756K, capacity 21159K, committed 21296K, reserved 1069056K
  class space    used 2217K, capacity 2352K, committed 2432K, reserved 1048576K
}
Event: 6.373 GC heap after
{Heap after GC invocations=4 (full 0):
 garbage-first heap   total 131072K, used 9070K [0x0000000080800000, 0x0000000100000000)
  region size 1024K, 6 young (6144K), 6 survivors (6144K)
 Metaspace       used 20756K, capacity 21159K, committed 21296K, reserved 1069056K
  class space    used 2217K, capacity 2352K, committed 2432K, reserved 1048576K
}
Event: 10.747 GC heap before
{Heap before GC invocations=5 (full 0):
 garbage-first heap   total 131072K, used 63342K [0x0000000080800000, 0x0000000100000000)
  region size 1024K, 59 young (60416K), 6 survivors (6144K)
 Metaspace       used 21398K, capacity 21806K, committed 22064K, reserved 1069056K
  class space    used 2247K, capacity 2394K, committed 2432K, reserved 1048576K
}
Event: 10.794 GC heap after
{Heap after GC invocations=6 (full 0):
 garbage-first heap   total 131072K, used 16390K [0x0000000080800000, 0x0000000100000000)
  region size 1024K, 8 young (8192K), 8 survivors (8192K)
 Metaspace       used 21398K, capacity 21806K, committed 22064K, reserved 1069056K
  class space    used 2247K, capacity 2394K, committed 2432K, reserved 1048576K
}
Event: 14.107 GC heap before
{Heap before GC invocations=6 (full 0):
 garbage-first heap   total 131072K, used 74758K [0x0000000080800000, 0x0000000100000000)
  region size 1024K, 65 young (66560K), 8 survivors (8192K)
 Metaspace       used 21868K, capacity 22326K, committed 22576K, reserved 1069056K
  class space    used 2252K, capacity 2396K, committed 2432K, reserved 1048576K
}
Event: 14.154 GC heap after
{Heap after GC invocations=7 (full 0):
 garbage-first heap   total 131072K, used 22954K [0x0000000080800000, 0x0000000100000000)
  region size 1024K, 7 young (7168K), 7 survivors (7168K)
 Metaspace       used 21868K, capacity 22326K, committed 22576K, reserved 1069056K
  class space    used 2252K, capacity 2396K, committed 2432K, reserved 1048576K
}
Event: 16.408 GC heap before
{Heap before GC invocations=7 (full 0):
 garbage-first heap   total 131072K, used 83370K [0x0000000080800000, 0x0000000100000000)
  region size 1024K, 66 young (67584K), 7 survivors (7168K)
 Metaspace       used 22097K, capacity 22518K, committed 22832K, reserved 1069056K
  class space    used 2253K, capacity 2396K, committed 2432K, reserved 1048576K
}
Event: 16.455 GC heap after
{Heap after GC invocations=8 (full 0):
 garbage-first heap   total 157696K, used 32198K [0x0000000080800000, 0x0000000100000000)
  region size 1024K, 9 young (9216K), 9 survivors (9216K)
 Metaspace       used 22097K, capacity 22518K, committed 22832K, reserved 1069056K
  class space    used 2253K, capacity 2396K, committed 2432K, reserved 1048576K
}

